<?xml version="1.0" encoding="UTF-8"?>
<testsuite xmlns:xsi="http://www.w3.org/2001/XMLSchema-instance" xsi:noNamespaceSchemaLocation="https://maven.apache.org/surefire/maven-surefire-plugin/xsd/surefire-test-report.xsd" version="3.0.2" name="TestSuite" time="34.341" tests="5" errors="0" skipped="0" failures="0">
  <properties>
[...]
</properties>
  <testcase name="runScenario[&quot;Check Login with invalid credentails&quot;, &quot;Login Scenario&quot;](1)" classname="TestRunner.loginTestRunner" time="6.888">
    <system-out><![CDATA[
Scenario: Check Login with invalid credentails &amp#27;[90m# src/test/resources/FeatureFile/login.feature:7&amp#27;[0m
  &amp#27;[32mGiven &amp#27;[0m&amp#27;[32mUser is on Login screen&amp#27;[0m                &amp#27;[90m# StepDefinitions.loginStepDefinitions.user_is_on_login_screen()&amp#27;[0m
  &amp#27;[32mWhen &amp#27;[0m&amp#27;[32mUser Enter invalid Email and Password&amp#27;[0m   &amp#27;[90m# StepDefinitions.loginStepDefinitions.user_enter_invalid_email_and_password()&amp#27;[0m
  &amp#27;[32mAnd &amp#27;[0m&amp#27;[32mUser click on Login button&amp#27;[0m               &amp#27;[90m# StepDefinitions.loginStepDefinitions.user_click_on_login_button()&amp#27;[0m
  &amp#27;[32mThen &amp#27;[0m&amp#27;[32mShould show the error message&amp#27;[0m           &amp#27;[90m# StepDefinitions.loginStepDefinitions.should_show_the_error_message()&amp#27;[0m
]]></system-out>
    <system-err><![CDATA[SLF4J: Failed to load class "org.slf4j.impl.StaticLoggerBinder".
SLF4J: Defaulting to no-operation (NOP) logger implementation
SLF4J: See http://www.slf4j.org/codes.html#StaticLoggerBinder for further details.
]]></system-err>
  </testcase>
  <testcase name="runScenario[&quot;Check Login with valid credentails&quot;, &quot;Login Scenario&quot;](2)" classname="TestRunner.loginTestRunner" time="8.412">
    <system-out><![CDATA[
Scenario Outline: Check Login with valid credentails      &amp#27;[90m# src/test/resources/FeatureFile/login.feature:19&amp#27;[0m
  &amp#27;[32mGiven &amp#27;[0m&amp#27;[32mUser is on Login screen&amp#27;[0m                           &amp#27;[90m# StepDefinitions.loginStepDefinitions.user_is_on_login_screen()&amp#27;[0m
  &amp#27;[32mWhen &amp#27;[0m&amp#27;[32mUser Enter valid &amp#27;[0m&amp#27;[32m&amp#27;[1m"problem_user"&amp#27;[0m&amp#27;[32m and &amp#27;[0m&amp#27;[32m&amp#27;[1m"secret_sauce"&amp#27;[0m &amp#27;[90m# StepDefinitions.loginStepDefinitions.user_enter_valid_email_and_password(java.lang.String,java.lang.String)&amp#27;[0m
  &amp#27;[32mAnd &amp#27;[0m&amp#27;[32mUser click on Login button&amp#27;[0m                          &amp#27;[90m# StepDefinitions.loginStepDefinitions.user_click_on_login_button()&amp#27;[0m
  &amp#27;[32mThen &amp#27;[0m&amp#27;[32mUser should naviagate on Products screen&amp#27;[0m           &amp#27;[90m# StepDefinitions.loginStepDefinitions.user_should_naviagate_on_products_screen()&amp#27;[0m
]]></system-out>
  </testcase>
  <testcase name="runScenario[&quot;Check Login with valid credentails&quot;, &quot;Login Scenario&quot;](3)" classname="TestRunner.loginTestRunner" time="8.024">
    <system-out><![CDATA[
Scenario Outline: Check Login with valid credentails       &amp#27;[90m# src/test/resources/FeatureFile/login.feature:20&amp#27;[0m
  &amp#27;[32mGiven &amp#27;[0m&amp#27;[32mUser is on Login screen&amp#27;[0m                            &amp#27;[90m# StepDefinitions.loginStepDefinitions.user_is_on_login_screen()&amp#27;[0m
  &amp#27;[32mWhen &amp#27;[0m&amp#27;[32mUser Enter valid &amp#27;[0m&amp#27;[32m&amp#27;[1m"standard_user"&amp#27;[0m&amp#27;[32m and &amp#27;[0m&amp#27;[32m&amp#27;[1m"secret_sauce"&amp#27;[0m &amp#27;[90m# StepDefinitions.loginStepDefinitions.user_enter_valid_email_and_password(java.lang.String,java.lang.String)&amp#27;[0m
  &amp#27;[32mAnd &amp#27;[0m&amp#27;[32mUser click on Login button&amp#27;[0m                           &amp#27;[90m# StepDefinitions.loginStepDefinitions.user_click_on_login_button()&amp#27;[0m
  &amp#27;[32mThen &amp#27;[0m&amp#27;[32mUser should naviagate on Products screen&amp#27;[0m            &amp#27;[90m# StepDefinitions.loginStepDefinitions.user_should_naviagate_on_products_screen()&amp#27;[0m
]]></system-out>
  </testcase>
  <testcase name="runScenario[&quot;Verify Cart count once product gets added&quot;, &quot;Products Page Funtionality&quot;](4)" classname="TestRunner.loginTestRunner" time="4.864">
    <system-out><![CDATA[
Scenario: Verify Cart count once product gets added &amp#27;[90m# src/test/resources/FeatureFile/products.feature:6&amp#27;[0m
  &amp#27;[32mGiven &amp#27;[0m&amp#27;[32mUser is on Products screen&amp#27;[0m                  &amp#27;[90m# StepDefinitions.productStepDefinitions.user_is_on_products_screen()&amp#27;[0m
  &amp#27;[32mWhen &amp#27;[0m&amp#27;[32mUser clicks on Add to Cart button&amp#27;[0m            &amp#27;[90m# StepDefinitions.productStepDefinitions.user_clicks_on_add_to_cart_button()&amp#27;[0m
  &amp#27;[32mThen &amp#27;[0m&amp#27;[32mCart icon should increase&amp#27;[0m                    &amp#27;[90m# StepDefinitions.productStepDefinitions.cart_icon_should_increase()&amp#27;[0m
]]></system-out>
  </testcase>
  <testcase name="runScenario[&quot;Verify whether User is able to Remove Item from Cart&quot;, &quot;Products Page Funtionality&quot;](5)" classname="TestRunner.loginTestRunner" time="4.663">
    <system-out><![CDATA[
Scenario: Verify whether User is able to Remove Item from Cart         &amp#27;[90m# src/test/resources/FeatureFile/products.feature:10&amp#27;[0m
  &amp#27;[32mGiven &amp#27;[0m&amp#27;[32mUser is on Products screen&amp#27;[0m                                     &amp#27;[90m# StepDefinitions.productStepDefinitions.user_is_on_products_screen()&amp#27;[0m
  &amp#27;[32mWhen &amp#27;[0m&amp#27;[32mUser clicks on Add to Cart button&amp#27;[0m                               &amp#27;[90m# StepDefinitions.productStepDefinitions.user_clicks_on_add_to_cart_button()&amp#27;[0m
  &amp#27;[32mAnd &amp#27;[0m&amp#27;[32mUser clicks on Remove button&amp#27;[0m                                     &amp#27;[90m# StepDefinitions.productStepDefinitions.user_clicks_on_remove_button()&amp#27;[0m
  &amp#27;[32mThen &amp#27;[0m&amp#27;[32mProduct should show Add to cart button instead of Remove button&amp#27;[0m &amp#27;[90m# StepDefinitions.productStepDefinitions.product_should_show_add_to_cart_button_instead_of_remove_button()&amp#27;[0m
]]></system-out>
  </testcase>
</testsuite>